\BOOKMARK [-1][]{part*.2}{Cahier de spécification système}{}% 1
\BOOKMARK [0][]{section.3}{1.1 Introduction}{part*.2}% 2
\BOOKMARK [1][]{section.5}{1.2 Contexte de la réalisation}{section.3}% 3
\BOOKMARK [2][]{subsection.6}{1.2.1 Contexte}{section.5}% 4
\BOOKMARK [2][]{subsection.8}{1.2.2 Objectifs}{section.5}% 5
\BOOKMARK [2][]{subsection.11}{1.2.3 Hypothèses \(selon les projets\)}{section.5}% 6
\BOOKMARK [2][]{subsection.12}{1.2.4 Bases méthodologiques}{section.5}% 7
\BOOKMARK [1][]{section.20}{1.3 Description générale}{section.3}% 8
\BOOKMARK [2][]{subsection.21}{1.3.1 Environnement du projet}{section.20}% 9
\BOOKMARK [2][]{subsection.23}{1.3.2 Caractéristiques des utilisateurs}{section.20}% 10
\BOOKMARK [2][]{subsection.25}{1.3.3 Fonctionnalités et structure générale du système}{section.20}% 11
\BOOKMARK [2][]{subsection.27}{1.3.4 Contraintes de développement, d'exploitation et de maintenance}{section.20}% 12
\BOOKMARK [1][]{section.31}{1.4 Description des interfaces externes du logiciel}{section.3}% 13
\BOOKMARK [2][]{subsection.32}{1.4.1 Interfaces matériel/logiciel}{section.31}% 14
\BOOKMARK [2][]{subsection.35}{1.4.2 Interfaces homme/machine}{section.31}% 15
\BOOKMARK [2][]{subsection.51}{1.4.3 Interfaces logiciel/logiciel}{section.31}% 16
\BOOKMARK [1][]{section.52}{1.5 Architecture générale du système}{section.3}% 17
\BOOKMARK [1][]{section.53}{1.6 Description des fonctionnalités}{section.3}% 18
\BOOKMARK [2][]{subsection.54}{1.6.1 Définition de la fonction i}{section.53}% 19
\BOOKMARK [1][]{section.57}{1.7 Conditions de fonctionnement}{section.3}% 20
\BOOKMARK [2][]{subsection.58}{1.7.1 Performances}{section.57}% 21
\BOOKMARK [2][]{subsection.59}{1.7.2 Capacités}{section.57}% 22
\BOOKMARK [2][]{subsection.60}{1.7.3 Modes de fonctionnement \(optionnel\)}{section.57}% 23
\BOOKMARK [2][]{subsection.61}{1.7.4 Contrôlabilité}{section.57}% 24
\BOOKMARK [2][]{subsection.62}{1.7.5 Sécurité}{section.57}% 25
\BOOKMARK [2][]{subsection.63}{1.7.6 Intégrité \(optionnel\)}{section.57}% 26
\BOOKMARK [2][]{subsection.64}{1.7.7 Conformité aux standards \(optionnel\)}{section.57}% 27
\BOOKMARK [2][]{subsection.65}{1.7.8 Facteurs de Qualité \(optionnel\)}{section.57}% 28
\BOOKMARK [-1][]{part*.66}{Plan de développement}{}% 29
\BOOKMARK [0][]{section.67}{2.1 Découpage du projet en tâches}{part*.66}% 30
\BOOKMARK [1][]{subsection.68}{2.1.1 Tâche i}{section.67}% 31
\BOOKMARK [1][]{section.74}{2.2 Planning}{section.67}% 32
\BOOKMARK [0][]{appendix.75}{A Glossaire}{part*.66}% 33
\BOOKMARK [0][]{appendix.76}{B Références}{part*.66}% 34
\BOOKMARK [0][]{appendix.77}{C Index}{part*.66}% 35
