This is pdfTeX, Version 3.1415926-2.4-1.40.13 (MiKTeX 2.9 64-bit) (preloaded format=pdflatex 2013.5.23)  13 NOV 2014 18:02
entering extended mode
**Maquette_CDS_02.tex

("D:\PFE\cahier de spécification\rapport et specif (Latex) 2010-2011\Maquette_
CDS_02.tex"
LaTeX2e <2011/06/27>
Babel <v3.8m> and hyphenation patterns for english, afrikaans, ancientgreek, ar
abic, armenian, assamese, basque, bengali, bokmal, bulgarian, catalan, coptic, 
croatian, czech, danish, dutch, esperanto, estonian, farsi, finnish, french, ga
lician, german, german-x-2012-05-30, greek, gujarati, hindi, hungarian, iceland
ic, indonesian, interlingua, irish, italian, kannada, kurmanji, latin, latvian,
 lithuanian, malayalam, marathi, mongolian, mongolianlmc, monogreek, ngerman, n
german-x-2012-05-30, nynorsk, oriya, panjabi, pinyin, polish, portuguese, roman
ian, russian, sanskrit, serbian, slovak, slovenian, spanish, swedish, swissgerm
an, tamil, telugu, turkish, turkmen, ukenglish, ukrainian, uppersorbian, usengl
ishmax, welsh, loaded.

("D:\PFE\cahier de spécification\rapport et specif (Latex) 2010-2011\EPURappor
t.cls"
Document Class: EPURapport 2009/10/21 - EPURapport document class
("C:\Program Files\MiKTeX 2.9\tex\latex\lm\lmodern.sty"
Package: lmodern 2009/10/30 v1.6 Latin Modern Fonts
LaTeX Font Info:    Overwriting symbol font `operators' in version `normal'
(Font)                  OT1/cmr/m/n --> OT1/lmr/m/n on input line 22.
LaTeX Font Info:    Overwriting symbol font `letters' in version `normal'
(Font)                  OML/cmm/m/it --> OML/lmm/m/it on input line 23.
LaTeX Font Info:    Overwriting symbol font `symbols' in version `normal'
(Font)                  OMS/cmsy/m/n --> OMS/lmsy/m/n on input line 24.
LaTeX Font Info:    Overwriting symbol font `largesymbols' in version `normal'
(Font)                  OMX/cmex/m/n --> OMX/lmex/m/n on input line 25.
LaTeX Font Info:    Overwriting symbol font `operators' in version `bold'
(Font)                  OT1/cmr/bx/n --> OT1/lmr/bx/n on input line 26.
LaTeX Font Info:    Overwriting symbol font `letters' in version `bold'
(Font)                  OML/cmm/b/it --> OML/lmm/b/it on input line 27.
LaTeX Font Info:    Overwriting symbol font `symbols' in version `bold'
(Font)                  OMS/cmsy/b/n --> OMS/lmsy/b/n on input line 28.
LaTeX Font Info:    Overwriting symbol font `largesymbols' in version `bold'
(Font)                  OMX/cmex/m/n --> OMX/lmex/m/n on input line 29.
LaTeX Font Info:    Overwriting math alphabet `\mathbf' in version `normal'
(Font)                  OT1/cmr/bx/n --> OT1/lmr/bx/n on input line 31.
LaTeX Font Info:    Overwriting math alphabet `\mathsf' in version `normal'
(Font)                  OT1/cmss/m/n --> OT1/lmss/m/n on input line 32.
LaTeX Font Info:    Overwriting math alphabet `\mathit' in version `normal'
(Font)                  OT1/cmr/m/it --> OT1/lmr/m/it on input line 33.
LaTeX Font Info:    Overwriting math alphabet `\mathtt' in version `normal'
(Font)                  OT1/cmtt/m/n --> OT1/lmtt/m/n on input line 34.
LaTeX Font Info:    Overwriting math alphabet `\mathbf' in version `bold'
(Font)                  OT1/cmr/bx/n --> OT1/lmr/bx/n on input line 35.
LaTeX Font Info:    Overwriting math alphabet `\mathsf' in version `bold'
(Font)                  OT1/cmss/bx/n --> OT1/lmss/bx/n on input line 36.
LaTeX Font Info:    Overwriting math alphabet `\mathit' in version `bold'
(Font)                  OT1/cmr/bx/it --> OT1/lmr/bx/it on input line 37.
LaTeX Font Info:    Overwriting math alphabet `\mathtt' in version `bold'
(Font)                  OT1/cmtt/m/n --> OT1/lmtt/m/n on input line 38.
)
("C:\Program Files\MiKTeX 2.9\tex\latex\base\fontenc.sty"
Package: fontenc 2005/09/27 v1.99g Standard LaTeX package

("C:\Program Files\MiKTeX 2.9\tex\latex\base\t1enc.def"
File: t1enc.def 2005/09/27 v1.99g Standard LaTeX file
LaTeX Font Info:    Redeclaring font encoding T1 on input line 43.
))
("C:\Program Files\MiKTeX 2.9\tex\latex\base\ifthen.sty"
Package: ifthen 2001/05/26 v1.1c Standard LaTeX ifthen package (DPC)
)
("C:\Program Files\MiKTeX 2.9\tex\latex\fancyhdr\fancyhdr.sty"
\fancy@headwidth=\skip41
\f@ncyO@elh=\skip42
\f@ncyO@erh=\skip43
\f@ncyO@olh=\skip44
\f@ncyO@orh=\skip45
\f@ncyO@elf=\skip46
\f@ncyO@erf=\skip47
\f@ncyO@olf=\skip48
\f@ncyO@orf=\skip49
)
("C:\Program Files\MiKTeX 2.9\tex\latex\tools\tabularx.sty"
Package: tabularx 1999/01/07 v2.07 `tabularx' package (DPC)

("C:\Program Files\MiKTeX 2.9\tex\latex\tools\array.sty"
Package: array 2008/09/09 v2.4c Tabular extension package (FMi)
\col@sep=\dimen102
\extrarowheight=\dimen103
\NC@list=\toks14
\extratabsurround=\skip50
\backup@length=\skip51
)
\TX@col@width=\dimen104
\TX@old@table=\dimen105
\TX@old@col=\dimen106
\TX@target=\dimen107
\TX@delta=\dimen108
\TX@cols=\count79
\TX@ftn=\toks15
)
("C:\Program Files\MiKTeX 2.9\tex\latex\base\report.cls"
Document Class: report 2007/10/19 v1.4h Standard LaTeX document class
("C:\Program Files\MiKTeX 2.9\tex\latex\base\size11.clo"
File: size11.clo 2007/10/19 v1.4h Standard LaTeX file (size option)
)
\c@part=\count80
\c@chapter=\count81
\c@section=\count82
\c@subsection=\count83
\c@subsubsection=\count84
\c@paragraph=\count85
\c@subparagraph=\count86
\c@figure=\count87
\c@table=\count88
\abovecaptionskip=\skip52
\belowcaptionskip=\skip53
\bibindent=\dimen109
)
("C:\Program Files\MiKTeX 2.9\tex\generic\babel\babel.sty"
Package: babel 2008/07/08 v3.8m The Babel package

*************************************
* Local config file bblopts.cfg used
*
("C:\Program Files\MiKTeX 2.9\tex\latex\00miktex\bblopts.cfg"
File: bblopts.cfg 2006/07/31 v1.0 MiKTeX 'babel' configuration
)
("C:\Program Files\MiKTeX 2.9\tex\generic\babel\frenchb.ldf"
Language: frenchb 2009/03/16 v2.3d French support from the babel system

("C:\Program Files\MiKTeX 2.9\tex\generic\babel\babel.def"
File: babel.def 2008/07/08 v3.8m Babel common definitions
\babel@savecnt=\count89
\U@D=\dimen110
)
Package babel Info: Making : an active character on input line 120.
Package babel Info: Making ; an active character on input line 121.
Package babel Info: Making ! an active character on input line 122.
Package babel Info: Making ? an active character on input line 123.
\FB@Mht=\dimen111
\std@mcc=\count90
\dec@mcc=\count91
\parindentFFN=\dimen112

*************************************
* Local config file frenchb.cfg used
*
("C:\Program Files\MiKTeX 2.9\tex\generic\babel\frenchb.cfg")))
("C:\Program Files\MiKTeX 2.9\tex\latex\carlisle\scalefnt.sty")
("C:\Program Files\MiKTeX 2.9\tex\latex\graphics\keyval.sty"
Package: keyval 1999/03/16 v1.13 key=value parser (DPC)
\KV@toks@=\toks16
)
("C:\Program Files\MiKTeX 2.9\tex\latex\ltxmisc\url.sty"
\Urlmuskip=\muskip10
Package: url 2006/04/12  ver 3.3  Verb mode for urls, etc.
)
("C:\Program Files\MiKTeX 2.9\tex\latex\xcolor\xcolor.sty"
Package: xcolor 2007/01/21 v2.11 LaTeX color extensions (UK)

("C:\Program Files\MiKTeX 2.9\tex\latex\00miktex\color.cfg"
File: color.cfg 2007/01/18 v1.5 color configuration of teTeX/TeXLive
)
Package xcolor Info: Driver file: pdftex.def on input line 225.

("C:\Program Files\MiKTeX 2.9\tex\latex\pdftex-def\pdftex.def"
File: pdftex.def 2011/05/27 v0.06d Graphics/color for pdfTeX

("C:\Program Files\MiKTeX 2.9\tex\generic\oberdiek\infwarerr.sty"
Package: infwarerr 2010/04/08 v1.3 Providing info/warning/error messages (HO)
)
("C:\Program Files\MiKTeX 2.9\tex\generic\oberdiek\ltxcmds.sty"
Package: ltxcmds 2011/11/09 v1.22 LaTeX kernel commands for general use (HO)
)
\Gread@gobject=\count92
)
Package xcolor Info: Model `cmy' substituted by `cmy0' on input line 1337.
Package xcolor Info: Model `hsb' substituted by `rgb' on input line 1341.
Package xcolor Info: Model `RGB' extended on input line 1353.
Package xcolor Info: Model `HTML' substituted by `rgb' on input line 1355.
Package xcolor Info: Model `Hsb' substituted by `hsb' on input line 1356.
Package xcolor Info: Model `tHsb' substituted by `hsb' on input line 1357.
Package xcolor Info: Model `HSB' substituted by `hsb' on input line 1358.
Package xcolor Info: Model `Gray' substituted by `gray' on input line 1359.
Package xcolor Info: Model `wave' substituted by `hsb' on input line 1360.
)
("C:\Program Files\MiKTeX 2.9\tex\latex\comment\comment.sty"
\CommentStream=\write3

Excluding comment 'comment')
("C:\Program Files\MiKTeX 2.9\tex\latex\lastpage\lastpage.sty"
Package: lastpage 2013/01/28 v1.2l Refers to last page's name (HMM; JPG)
)
("C:\Program Files\MiKTeX 2.9\tex\latex\fp\fp.sty"
Package: fp 1995/04/02

`Fixed Point Package', Version 0.8, April 2, 1995 (C) Michael Mehlich
("C:\Program Files\MiKTeX 2.9\tex\latex\fp\defpattern.sty"
Package: defpattern 1994/10/12
\actioncount=\count93
)
("C:\Program Files\MiKTeX 2.9\tex\latex\fp\fp-basic.sty"
Package: fp-basic 1996/05/13
\FP@xs=\count94
\FP@xia=\count95
\FP@xib=\count96
\FP@xfa=\count97
\FP@xfb=\count98
\FP@rega=\count99
\FP@regb=\count100
\FP@regs=\count101
\FP@times=\count102
)
("C:\Program Files\MiKTeX 2.9\tex\latex\fp\fp-addons.sty"
Package: fp-addons 1995/03/15
)
("C:\Program Files\MiKTeX 2.9\tex\latex\fp\fp-snap.sty"
Package: fp-snap 1995/04/05
)
("C:\Program Files\MiKTeX 2.9\tex\latex\fp\fp-exp.sty"
Package: fp-exp 1995/04/03
)
("C:\Program Files\MiKTeX 2.9\tex\latex\fp\fp-trigo.sty"
Package: fp-trigo 1995/04/14
)
("C:\Program Files\MiKTeX 2.9\tex\latex\fp\fp-pas.sty"
Package: fp-pas 1994/08/29
)
("C:\Program Files\MiKTeX 2.9\tex\latex\fp\fp-random.sty"
Package: fp-random 1995/02/23
\FPseed=\count103
)
("C:\Program Files\MiKTeX 2.9\tex\latex\fp\fp-eqn.sty"
Package: fp-eqn 1995/04/03
)
("C:\Program Files\MiKTeX 2.9\tex\latex\fp\fp-upn.sty"
Package: fp-upn 1996/10/21
)
("C:\Program Files\MiKTeX 2.9\tex\latex\fp\fp-eval.sty"
Package: fp-eval 1995/04/03
))
("C:\Program Files\MiKTeX 2.9\tex\latex\graphics\graphicx.sty"
Package: graphicx 1999/02/16 v1.0f Enhanced LaTeX Graphics (DPC,SPQR)

("C:\Program Files\MiKTeX 2.9\tex\latex\graphics\graphics.sty"
Package: graphics 2009/02/05 v1.0o Standard LaTeX Graphics (DPC,SPQR)

("C:\Program Files\MiKTeX 2.9\tex\latex\graphics\trig.sty"
Package: trig 1999/03/16 v1.09 sin cos tan (DPC)
)
("C:\Program Files\MiKTeX 2.9\tex\latex\00miktex\graphics.cfg"
File: graphics.cfg 2007/01/18 v1.5 graphics configuration of teTeX/TeXLive
)
Package graphics Info: Driver file: pdftex.def on input line 91.
)
\Gin@req@height=\dimen113
\Gin@req@width=\dimen114
)
("C:\Program Files\MiKTeX 2.9\tex\latex\hyperref\hyperref.sty"
Package: hyperref 2012/11/06 v6.83m Hypertext links for LaTeX

("C:\Program Files\MiKTeX 2.9\tex\generic\oberdiek\hobsub-hyperref.sty"
Package: hobsub-hyperref 2012/04/25 v1.12 Bundle oberdiek, subset hyperref (HO)


("C:\Program Files\MiKTeX 2.9\tex\generic\oberdiek\hobsub-generic.sty"
Package: hobsub-generic 2012/04/25 v1.12 Bundle oberdiek, subset generic (HO)
Package: hobsub 2012/04/25 v1.12 Construct package bundles (HO)
Package hobsub Info: Skipping package `infwarerr' (already loaded).
Package hobsub Info: Skipping package `ltxcmds' (already loaded).
Package: ifluatex 2010/03/01 v1.3 Provides the ifluatex switch (HO)
Package ifluatex Info: LuaTeX not detected.
Package: ifvtex 2010/03/01 v1.5 Detect VTeX and its facilities (HO)
Package ifvtex Info: VTeX not detected.
Package: intcalc 2007/09/27 v1.1 Expandable calculations with integers (HO)
Package: ifpdf 2011/01/30 v2.3 Provides the ifpdf switch (HO)
Package ifpdf Info: pdfTeX in PDF mode is detected.
Package: etexcmds 2011/02/16 v1.5 Avoid name clashes with e-TeX commands (HO)
Package etexcmds Info: Could not find \expanded.
(etexcmds)             That can mean that you are not using pdfTeX 1.50 or
(etexcmds)             that some package has redefined \expanded.
(etexcmds)             In the latter case, load this package earlier.
Package: kvsetkeys 2012/04/25 v1.16 Key value parser (HO)
Package: kvdefinekeys 2011/04/07 v1.3 Define keys (HO)
Package: pdftexcmds 2011/11/29 v0.20 Utility functions of pdfTeX for LuaTeX (HO
)
Package pdftexcmds Info: LuaTeX not detected.
Package pdftexcmds Info: \pdf@primitive is available.
Package pdftexcmds Info: \pdf@ifprimitive is available.
Package pdftexcmds Info: \pdfdraftmode found.
Package: pdfescape 2011/11/25 v1.13 Implements pdfTeX's escape features (HO)
Package: bigintcalc 2012/04/08 v1.3 Expandable calculations on big integers (HO
)
Package: bitset 2011/01/30 v1.1 Handle bit-vector datatype (HO)
Package: uniquecounter 2011/01/30 v1.2 Provide unlimited unique counter (HO)
)
Package hobsub Info: Skipping package `hobsub' (already loaded).
Package: letltxmacro 2010/09/02 v1.4 Let assignment for LaTeX macros (HO)
Package: hopatch 2011/06/24 v1.1 Wrapper for package hooks (HO)
Package: xcolor-patch 2011/01/30 xcolor patch
Package: atveryend 2011/06/30 v1.8 Hooks at the very end of document (HO)
Package atveryend Info: \enddocument detected (standard20110627).
Package: atbegshi 2011/10/05 v1.16 At begin shipout hook (HO)
Package: refcount 2011/10/16 v3.4 Data extraction from label references (HO)
Package: hycolor 2011/01/30 v1.7 Color options for hyperref/bookmark (HO)
)
("C:\Program Files\MiKTeX 2.9\tex\generic\ifxetex\ifxetex.sty"
Package: ifxetex 2010/09/12 v0.6 Provides ifxetex conditional
)
("C:\Program Files\MiKTeX 2.9\tex\latex\oberdiek\auxhook.sty"
Package: auxhook 2011/03/04 v1.3 Hooks for auxiliary files (HO)
)
("C:\Program Files\MiKTeX 2.9\tex\latex\oberdiek\kvoptions.sty"
Package: kvoptions 2011/06/30 v3.11 Key value format for package options (HO)
)
\@linkdim=\dimen115
\Hy@linkcounter=\count104
\Hy@pagecounter=\count105

("C:\Program Files\MiKTeX 2.9\tex\latex\hyperref\pd1enc.def"
File: pd1enc.def 2012/11/06 v6.83m Hyperref: PDFDocEncoding definition (HO)
)
\Hy@SavedSpaceFactor=\count106

("C:\Program Files\MiKTeX 2.9\tex\latex\00miktex\hyperref.cfg"
File: hyperref.cfg 2002/06/06 v1.2 hyperref configuration of TeXLive
)
Package hyperref Info: Hyper figures OFF on input line 4443.
Package hyperref Info: Link nesting OFF on input line 4448.
Package hyperref Info: Hyper index ON on input line 4451.
Package hyperref Info: Plain pages OFF on input line 4458.
Package hyperref Info: Backreferencing OFF on input line 4463.
Package hyperref Info: Implicit mode ON; LaTeX internals redefined.
Package hyperref Info: Bookmarks ON on input line 4688.
\c@Hy@tempcnt=\count107
LaTeX Info: Redefining \url on input line 5041.
\XeTeXLinkMargin=\dimen116
\Fld@menulength=\count108
\Field@Width=\dimen117
\Fld@charsize=\dimen118
Package hyperref Info: Hyper figures OFF on input line 6295.
Package hyperref Info: Link nesting OFF on input line 6300.
Package hyperref Info: Hyper index ON on input line 6303.
Package hyperref Info: backreferencing OFF on input line 6310.
Package hyperref Info: Link coloring OFF on input line 6315.
Package hyperref Info: Link coloring with OCG OFF on input line 6320.
Package hyperref Info: PDF/A mode OFF on input line 6325.
LaTeX Info: Redefining \ref on input line 6365.
LaTeX Info: Redefining \pageref on input line 6369.
\Hy@abspage=\count109
\c@Item=\count110
\c@Hfootnote=\count111
)

Package hyperref Message: Driver (autodetected): hpdftex.

("C:\Program Files\MiKTeX 2.9\tex\latex\hyperref\hpdftex.def"
File: hpdftex.def 2012/11/06 v6.83m Hyperref driver for pdfTeX
\Fld@listcount=\count112
\c@bookmark@seq@number=\count113

("C:\Program Files\MiKTeX 2.9\tex\latex\oberdiek\rerunfilecheck.sty"
Package: rerunfilecheck 2011/04/15 v1.7 Rerun checks for auxiliary files (HO)
Package uniquecounter Info: New unique counter `rerunfilecheck' on input line 2
82.
)
\Hy@SectionHShift=\skip54
)
Package hyperref Info: Option `colorlinks' set `true' on input line 118.
Package hyperref Info: Option `breaklinks' set `true' on input line 118.
Package hyperref Info: Option `bookmarksopen' set `true' on input line 118.
Package hyperref Info: Option `bookmarksnumbered' set `true' on input line 118.

Package hyperref Info: Option `plainpages' set `false' on input line 118.
Package hyperref Info: Option `pdfdisplaydoctitle' set `true' on input line 118
.
Package hyperref Info: Option `hypertexnames' set `false' on input line 118.
\headersize=\skip55
\EPUlogo=\box26


pdfTeX warning: pdflatex (file D:/PFE/cahier de spécification/rapport et speci
f (Latex) 2010-2011/logos/Logo_Polytech_Tours.pdf): PDF inclusion: found PDF ve
rsion <1.6>, but at most version <1.5> allowed
<logos/Logo_Polytech_Tours.pdf, id=1, 306.18391pt x 95.1555pt>
File: logos/Logo_Polytech_Tours.pdf Graphic file (type pdf)

<use logos/Logo_Polytech_Tours.pdf>
Package pdftex.def Info: logos/Logo_Polytech_Tours.pdf used on input line 515.
(pdftex.def)             Requested size: 73.97733pt x 22.99023pt.
)
("D:\PFE\cahier de spécification\rapport et specif (Latex) 2010-2011\include.t
ex")
("D:\PFE\cahier de spécification\rapport et specif (Latex) 2010-2011\Maquette_
CDS_02.aux")
LaTeX Font Info:    Checking defaults for OML/cmm/m/it on input line 57.
LaTeX Font Info:    ... okay on input line 57.
LaTeX Font Info:    Checking defaults for T1/cmr/m/n on input line 57.
LaTeX Font Info:    ... okay on input line 57.
LaTeX Font Info:    Checking defaults for OT1/cmr/m/n on input line 57.
LaTeX Font Info:    ... okay on input line 57.
LaTeX Font Info:    Checking defaults for OMS/cmsy/m/n on input line 57.
LaTeX Font Info:    ... okay on input line 57.
LaTeX Font Info:    Checking defaults for OMX/cmex/m/n on input line 57.
LaTeX Font Info:    ... okay on input line 57.
LaTeX Font Info:    Checking defaults for U/cmr/m/n on input line 57.
LaTeX Font Info:    ... okay on input line 57.
LaTeX Font Info:    Checking defaults for PD1/pdf/m/n on input line 57.
LaTeX Font Info:    ... okay on input line 57.
LaTeX Font Info:    Try loading font information for T1+lmr on input line 57.
 ("C:\Program Files\MiKTeX 2.9\tex\latex\lm\t1lmr.fd"
File: t1lmr.fd 2009/10/30 v1.6 Font defs for Latin Modern
)
LaTeX Info: Redefining \degres on input line 57.
LaTeX Info: Redefining \dots on input line 57.
LaTeX Info: Redefining \up on input line 57.

("C:\Program Files\MiKTeX 2.9\tex\context\base\supp-pdf.mkii"
[Loading MPS to PDF converter (version 2006.09.02).]
\scratchcounter=\count114
\scratchdimen=\dimen119
\scratchbox=\box27
\nofMPsegments=\count115
\nofMParguments=\count116
\everyMPshowfont=\toks17
\MPscratchCnt=\count117
\MPscratchDim=\dimen120
\MPnumerator=\count118
\makeMPintoPDFobject=\count119
\everyMPtoPDFconversion=\toks18
)
Package lastpage Info: Please have a look at the pageslts package at
(lastpage)             http://www.ctan.org/tex-archive/ 
(lastpage)             macros/latex/contrib/pageslts/ 
(lastpage)             or
(lastpage)             http://www.ctan.org/tex-archive/ 
(lastpage)             install/macros/latex/contrib/pageslts.tds.zip
(lastpage)             ! on input line 57.
\AtBeginShipoutBox=\box28
Package hyperref Info: Link coloring ON on input line 57.
 ("C:\Program Files\MiKTeX 2.9\tex\latex\hyperref\nameref.sty"
Package: nameref 2012/10/27 v2.43 Cross-referencing by name of section

("C:\Program Files\MiKTeX 2.9\tex\generic\oberdiek\gettitlestring.sty"
Package: gettitlestring 2010/12/03 v1.4 Cleanup title references (HO)
)
\c@section@level=\count120
)
LaTeX Info: Redefining \ref on input line 57.
LaTeX Info: Redefining \pageref on input line 57.
LaTeX Info: Redefining \nameref on input line 57.

("D:\PFE\cahier de spécification\rapport et specif (Latex) 2010-2011\Maquette_
CDS_02.out")
("D:\PFE\cahier de spécification\rapport et specif (Latex) 2010-2011\Maquette_
CDS_02.out")
\@outlinefile=\write4
LaTeX Font Info:    Try loading font information for T1+lmss on input line 57.
 ("C:\Program Files\MiKTeX 2.9\tex\latex\lm\t1lmss.fd"
File: t1lmss.fd 2009/10/30 v1.6 Font defs for Latin Modern
)
File: logos/Logo_Polytech_Tours.pdf Graphic file (type pdf)

<use logos/Logo_Polytech_Tours.pdf>
Package pdftex.def Info: logos/Logo_Polytech_Tours.pdf used on input line 57.
(pdftex.def)             Requested size: 227.62204pt x 70.74208pt.
LaTeX Font Info:    Try loading font information for T1+lmtt on input line 57.

("C:\Program Files\MiKTeX 2.9\tex\latex\lm\t1lmtt.fd"
File: t1lmtt.fd 2009/10/30 v1.6 Font defs for Latin Modern
)
("C:\Program Files\MiKTeX 2.9\tex\latex\lm\ot1lmr.fd")
("C:\Program Files\MiKTeX 2.9\tex\latex\lm\omllmm.fd")
("C:\Program Files\MiKTeX 2.9\tex\latex\lm\omslmsy.fd")
("C:\Program Files\MiKTeX 2.9\tex\latex\lm\omxlmex.fd") [1

{C:/ProgramData/MiKTeX/2.9/pdftex/config/pdftex.map} <D:/PFE/cahier de spécifi
cation/rapport et specif (Latex) 2010-2011/logos/Logo_Polytech_Tours.pdf>] [2]
("D:\PFE\cahier de spécification\rapport et specif (Latex) 2010-2011\Maquette_
CDS_02.toc")
\tf@toc=\write5
 [3

] [4

]

Package hyperref Warning: Difference (2) between bookmark levels is greater 
(hyperref)                than one, level fixed on input line 65.

[5]

LaTeX Warning: File `images/diagramme de cas d'utilisation.png' not found on in
put line 141.

<images/diagramme de cas d'utilisation.png, id=220, 1306.8825pt x 1144.275pt>
File: images/diagramme de cas d'utilisation.png Graphic file (type png)

<use images/diagramme de cas d'utilisation.png>
Package pdftex.def Info: images/diagramme de cas d'utilisation.png used on inpu
t line 141.
(pdftex.def)             Requested size: 261.37187pt x 228.85094pt.
 [6 <D:/PFE/cahier de spécification/rapport et specif (Latex) 2010-2011/images
/diagramme de cas d'utilisation.png>] [7] <images/materiel_logiciel.PNG, id=243
, 502.87875pt x 352.31625pt>
File: images/materiel_logiciel.PNG Graphic file (type png)

<use images/materiel_logiciel.PNG>
Package pdftex.def Info: images/materiel_logiciel.PNG used on input line 195.
(pdftex.def)             Requested size: 201.14793pt x 140.924pt.

<images/interface.png, id=244, 519.44063pt x 366.61969pt>
File: images/interface.png Graphic file (type png)

<use images/interface.png>
Package pdftex.def Info: images/interface.png used on input line 211.
(pdftex.def)             Requested size: 415.55307pt x 293.29614pt.
 [8 <D:/PFE/cahier de spécification/rapport et specif (Latex) 2010-2011/images
/materiel_logiciel.PNG> <D:/PFE/cahier de spécification/rapport et specif (Lat
ex) 2010-2011/images/interface.png>]
LaTeX Font Info:    Font shape `T1/lmss/m/it' in size <10.95> not available
(Font)              Font shape `T1/lmss/m/sl' tried instead on input line 220.

<images/ouvrir_video.PNG, id=255, 514.17094pt x 359.84438pt>
File: images/ouvrir_video.PNG Graphic file (type png)

<use images/ouvrir_video.PNG>
Package pdftex.def Info: images/ouvrir_video.PNG used on input line 222.
(pdftex.def)             Requested size: 359.9172pt x 251.88934pt.

<images/sauvegarder.PNG, id=256, 328.22626pt x 259.7203pt>
File: images/sauvegarder.PNG Graphic file (type png)

<use images/sauvegarder.PNG>
Package pdftex.def Info: images/sauvegarder.PNG used on input line 227.
(pdftex.def)             Requested size: 262.58136pt x 207.77652pt.

<images/information_objet.png, id=257, 553.06625pt x 176.66pt>
File: images/information_objet.png Graphic file (type png)

<use images/information_objet.png>
Package pdftex.def Info: images/information_objet.png used on input line 237.
(pdftex.def)             Requested size: 387.14374pt x 123.66115pt.

<images/vitesse.png, id=258, 205.76875pt x 82.3075pt>
File: images/vitesse.png Graphic file (type png)
 <use images/vitesse.png>
Package pdftex.def Info: images/vitesse.png used on input line 245.
(pdftex.def)             Requested size: 144.03712pt x 57.61484pt.

[9 <D:/PFE/cahier de spécification/rapport et specif (Latex) 2010-2011/images/
ouvrir_video.PNG> <D:/PFE/cahier de spécification/rapport et specif (Latex) 20
10-2011/images/sauvegarder.PNG>]
<images/choisit_objet.PNG, id=269, 517.18219pt x 364.36125pt>
File: images/choisit_objet.PNG Graphic file (type png)

<use images/choisit_objet.PNG>
Package pdftex.def Info: images/choisit_objet.PNG used on input line 263.
(pdftex.def)             Requested size: 206.8692pt x 145.74191pt.

<images/interface_trajectoire.png, id=270, 519.44063pt x 366.61969pt>
File: images/interface_trajectoire.png Graphic file (type png)

<use images/interface_trajectoire.png>
Package pdftex.def Info: images/interface_trajectoire.png used on input line 26
9.
(pdftex.def)             Requested size: 311.66678pt x 219.97351pt.
 [10 <D:/PFE/cahier de spécification/rapport et specif (Latex) 2010-2011/image
s/information_objet.png (PNG copy)> <D:/PFE/cahier de spécification/rapport et
 specif (Latex) 2010-2011/images/vitesse.png (PNG copy)> <D:/PFE/cahier de spé
cification/rapport et specif (Latex) 2010-2011/images/choisit_objet.PNG>]

LaTeX Warning: Reference `sec:foncgales' on page 11 undefined on input line 287
.


LaTeX Warning: Reference `sec:foncgales' on page 11 undefined on input line 291
.

[11 <D:/PFE/cahier de spécification/rapport et specif (Latex) 2010-2011/images
/interface_trajectoire.png>] [12] [13] [14

]

Package hyperref Warning: Difference (2) between bookmark levels is greater 
(hyperref)                than one, level fixed on input line 364.


Package hyperref Warning: Difference (2) between bookmark levels is greater 
(hyperref)                than one, level fixed on input line 371.

[15]
Annexe A.
[16

]
Annexe B.
[17

]
Annexe C.

AED: lastpage setting LastPage
[18

]
Package atveryend Info: Empty hook `BeforeClearDocument' on input line 417.
Package atveryend Info: Empty hook `AfterLastShipout' on input line 417.

("D:\PFE\cahier de spécification\rapport et specif (Latex) 2010-2011\Maquette_
CDS_02.aux")
Package atveryend Info: Executing hook `AtVeryEndDocument' on input line 417.
Package atveryend Info: Executing hook `AtEndAfterFileList' on input line 417.
Package rerunfilecheck Info: File `Maquette_CDS_02.out' has not changed.
(rerunfilecheck)             Checksum: E4235136C022BAF4F0237787E9DDCE76;2655.


LaTeX Warning: There were undefined references.

Package atveryend Info: Empty hook `AtVeryVeryEnd' on input line 417.
 ) 
Here is how much of TeX's memory you used:
 7691 strings out of 493921
 109068 string characters out of 3147288
 217363 words of memory out of 3000000
 10736 multiletter control sequences out of 15000+200000
 71058 words of font info for 46 fonts, out of 3000000 for 9000
 841 hyphenation exceptions out of 8191
 36i,14n,45p,845b,498s stack positions out of 5000i,500n,10000p,200000b,50000s
{C:/Program Files/MiKTeX 2.9/fonts/enc/dvips/lm/lm-ec.enc}<C:/Program Files/M
iKTeX 2.9/fonts/type1/public/lm/lmbx10.pfb><C:/Program Files/MiKTeX 2.9/fonts/t
ype1/public/lm/lmbx12.pfb><C:/Program Files/MiKTeX 2.9/fonts/type1/public/lm/lm
csc10.pfb><C:/Program Files/MiKTeX 2.9/fonts/type1/public/lm/lmr10.pfb><C:/Prog
ram Files/MiKTeX 2.9/fonts/type1/public/lm/lmss10.pfb><C:/Program Files/MiKTeX 
2.9/fonts/type1/public/lm/lmss8.pfb><C:/Program Files/MiKTeX 2.9/fonts/type1/pu
blic/lm/lmssbx10.pfb><C:/Program Files/MiKTeX 2.9/fonts/type1/public/lm/lmsso10
.pfb><C:/Program Files/MiKTeX 2.9/fonts/type1/public/lm/lmtt10.pfb>
Output written on Maquette_CDS_02.pdf (18 pages, 1649517 bytes).
PDF statistics:
 383 PDF objects out of 1000 (max. 8388607)
 96 named destinations out of 1000 (max. 500000)
 331 words of extra memory for PDF output out of 10000 (max. 10000000)

